# JRE version: OpenJDK Runtime Environment (8.0_242-b01) (build 1.8.0_242-release-1644-b01)
# Java VM: OpenJDK 64-Bit Server VM (25.242-b01 mixed mode windows-amd64 compressed oops)
Heap:
 PSYoungGen      total 560640K, used 374783K [0x00000000d5580000, 0x00000000ffc00000, 0x0000000100000000)
  eden space 432640K, 71% used [0x00000000d5580000,0x00000000e84a3b88,0x00000000efc00000)
  from space 128000K, 51% used [0x00000000f7f00000,0x00000000fbf6ab88,0x00000000ffc00000)
  to   space 131072K, 0% used [0x00000000efc00000,0x00000000efc00000,0x00000000f7c00000)
 ParOldGen       total 313856K, used 164383K [0x0000000080000000, 0x0000000093280000, 0x00000000d5580000)
  object space 313856K, 52% used [0x0000000080000000,0x000000008a087d38,0x0000000093280000)
 Metaspace       used 111437K, capacity 119636K, committed 119936K, reserved 1153024K
  class space    used 14067K, capacity 15477K, committed 15744K, reserved 1048576K
GC Heap History (10 events):
Event: 6885.709 GC heap before
{Heap before GC invocations=44 (full 7):
 PSYoungGen      total 547328K, used 415600K [0x00000000d5580000, 0x00000000ff500000, 0x0000000100000000)
  eden space 407040K, 100% used [0x00000000d5580000,0x00000000ee300000,0x00000000ee300000)
  from space 140288K, 6% used [0x00000000ee300000,0x00000000eeb5c148,0x00000000f6c00000)
  to   space 136704K, 0% used [0x00000000f6f80000,0x00000000f6f80000,0x00000000ff500000)
 ParOldGen       total 313856K, used 164359K [0x0000000080000000, 0x0000000093280000, 0x00000000d5580000)
  object space 313856K, 52% used [0x0000000080000000,0x000000008a081d38,0x0000000093280000)
 Metaspace       used 111083K, capacity 119140K, committed 119680K, reserved 1153024K
  class space    used 14057K, capacity 15433K, committed 15744K, reserved 1048576K
Event: 6885.883 GC heap after
Heap after GC invocations=44 (full 7):
 PSYoungGen      total 554496K, used 7808K [0x00000000d5580000, 0x00000000ff480000, 0x0000000100000000)
  eden space 418304K, 0% used [0x00000000d5580000,0x00000000d5580000,0x00000000eee00000)
  from space 136192K, 5% used [0x00000000f6f80000,0x00000000f7720128,0x00000000ff480000)
  to   space 132608K, 0% used [0x00000000eee00000,0x00000000eee00000,0x00000000f6f80000)
 ParOldGen       total 313856K, used 164359K [0x0000000080000000, 0x0000000093280000, 0x00000000d5580000)
  object space 313856K, 52% used [0x0000000080000000,0x000000008a081d38,0x0000000093280000)
 Metaspace       used 111083K, capacity 119140K, committed 119680K, reserved 1153024K
  class space    used 14057K, capacity 15433K, committed 15744K, reserved 1048576K
}
Event: 8630.302 GC heap before
{Heap before GC invocations=45 (full 7):
 PSYoungGen      total 554496K, used 426112K [0x00000000d5580000, 0x00000000ff480000, 0x0000000100000000)
  eden space 418304K, 100% used [0x00000000d5580000,0x00000000eee00000,0x00000000eee00000)
  from space 136192K, 5% used [0x00000000f6f80000,0x00000000f7720128,0x00000000ff480000)
  to   space 132608K, 0% used [0x00000000eee00000,0x00000000eee00000,0x00000000f6f80000)
 ParOldGen       total 313856K, used 164359K [0x0000000080000000, 0x0000000093280000, 0x00000000d5580000)
  object space 313856K, 52% used [0x0000000080000000,0x000000008a081d38,0x0000000093280000)
 Metaspace       used 111177K, capacity 119240K, committed 119680K, reserved 1153024K
  class space    used 14058K, capacity 15465K, committed 15744K, reserved 1048576K
Event: 8630.425 GC heap after
Heap after GC invocations=45 (full 7):
 PSYoungGen      total 550912K, used 20607K [0x00000000d5580000, 0x00000000fef80000, 0x0000000100000000)
  eden space 418304K, 0% used [0x00000000d5580000,0x00000000d5580000,0x00000000eee00000)
  from space 132608K, 15% used [0x00000000eee00000,0x00000000f021fc50,0x00000000f6f80000)
  to   space 125952K, 0% used [0x00000000f7480000,0x00000000f7480000,0x00000000fef80000)
 ParOldGen       total 313856K, used 164367K [0x0000000080000000, 0x0000000093280000, 0x00000000d5580000)
  object space 313856K, 52% used [0x0000000080000000,0x000000008a083d38,0x0000000093280000)
 Metaspace       used 111177K, capacity 119240K, committed 119680K, reserved 1153024K
  class space    used 14058K, capacity 15465K, committed 15744K, reserved 1048576K
}
Event: 8632.986 GC heap before
{Heap before GC invocations=46 (full 7):
 PSYoungGen      total 550912K, used 438776K [0x00000000d5580000, 0x00000000fef80000, 0x0000000100000000)
  eden space 418304K, 99% used [0x00000000d5580000,0x00000000eedde5c8,0x00000000eee00000)
  from space 132608K, 15% used [0x00000000eee00000,0x00000000f021fc50,0x00000000f6f80000)
  to   space 125952K, 0% used [0x00000000f7480000,0x00000000f7480000,0x00000000fef80000)
 ParOldGen       total 313856K, used 164367K [0x0000000080000000, 0x0000000093280000, 0x00000000d5580000)
  object space 313856K, 52% used [0x0000000080000000,0x000000008a083d38,0x0000000093280000)
 Metaspace       used 111203K, capacity 119374K, committed 119680K, reserved 1153024K
  class space    used 14058K, capacity 15466K, committed 15744K, reserved 1048576K
Event: 8633.234 GC heap after
Heap after GC invocations=46 (full 7):
 PSYoungGen      total 545792K, used 87695K [0x00000000d5580000, 0x0000000100000000, 0x0000000100000000)
  eden space 419840K, 0% used [0x00000000d5580000,0x00000000d5580000,0x00000000eef80000)
  from space 125952K, 69% used [0x00000000f7480000,0x00000000fca23f98,0x00000000fef80000)
  to   space 136192K, 0% used [0x00000000eef80000,0x00000000eef80000,0x00000000f7480000)
 ParOldGen       total 313856K, used 164375K [0x0000000080000000, 0x0000000093280000, 0x00000000d5580000)
  object space 313856K, 52% used [0x0000000080000000,0x000000008a085d38,0x0000000093280000)
 Metaspace       used 111203K, capacity 119374K, committed 119680K, reserved 1153024K
  class space    used 14058K, capacity 15466K, committed 15744K, reserved 1048576K
}
Event: 9354.171 GC heap before
{Heap before GC invocations=47 (full 7):
 PSYoungGen      total 545792K, used 507535K [0x00000000d5580000, 0x0000000100000000, 0x0000000100000000)
  eden space 419840K, 100% used [0x00000000d5580000,0x00000000eef80000,0x00000000eef80000)
  from space 125952K, 69% used [0x00000000f7480000,0x00000000fca23f98,0x00000000fef80000)
  to   space 136192K, 0% used [0x00000000eef80000,0x00000000eef80000,0x00000000f7480000)
 ParOldGen       total 313856K, used 164375K [0x0000000080000000, 0x0000000093280000, 0x00000000d5580000)
  object space 313856K, 52% used [0x0000000080000000,0x000000008a085d38,0x0000000093280000)
 Metaspace       used 111347K, capacity 119526K, committed 119936K, reserved 1153024K
  class space    used 14063K, capacity 15470K, committed 15744K, reserved 1048576K
Event: 9354.321 GC heap after
Heap after GC invocations=47 (full 7):
 PSYoungGen      total 556032K, used 20753K [0x00000000d5580000, 0x00000000ffe00000, 0x0000000100000000)
  eden space 419840K, 0% used [0x00000000d5580000,0x00000000d5580000,0x00000000eef80000)
  from space 136192K, 15% used [0x00000000eef80000,0x00000000f03c4750,0x00000000f7480000)
  to   space 130048K, 0% used [0x00000000f7f00000,0x00000000f7f00000,0x00000000ffe00000)
 ParOldGen       total 313856K, used 164375K [0x0000000080000000, 0x0000000093280000, 0x00000000d5580000)
  object space 313856K, 52% used [0x0000000080000000,0x000000008a085d38,0x0000000093280000)
 Metaspace       used 111347K, capacity 119526K, committed 119936K, reserved 1153024K
  class space    used 14063K, capacity 15470K, committed 15744K, reserved 1048576K
}
Event: 9356.807 GC heap before
{Heap before GC invocations=48 (full 7):
 PSYoungGen      total 556032K, used 440593K [0x00000000d5580000, 0x00000000ffe00000, 0x0000000100000000)
  eden space 419840K, 100% used [0x00000000d5580000,0x00000000eef80000,0x00000000eef80000)
  from space 136192K, 15% used [0x00000000eef80000,0x00000000f03c4750,0x00000000f7480000)
  to   space 130048K, 0% used [0x00000000f7f00000,0x00000000f7f00000,0x00000000ffe00000)
 ParOldGen       total 313856K, used 164375K [0x0000000080000000, 0x0000000093280000, 0x00000000d5580000)
  object space 313856K, 52% used [0x0000000080000000,0x000000008a085d38,0x0000000093280000)
 Metaspace       used 111399K, capacity 119568K, committed 119936K, reserved 1153024K
  class space    used 14067K, capacity 15477K, committed 15744K, reserved 1048576K
Event: 9356.882 GC heap after
Heap after GC invocations=48 (full 7):
 PSYoungGen      total 560640K, used 65962K [0x00000000d5580000, 0x00000000ffc00000, 0x0000000100000000)
  eden space 432640K, 0% used [0x00000000d5580000,0x00000000d5580000,0x00000000efc00000)
  from space 128000K, 51% used [0x00000000f7f00000,0x00000000fbf6ab88,0x00000000ffc00000)
  to   space 131072K, 0% used [0x00000000efc00000,0x00000000efc00000,0x00000000f7c00000)
 ParOldGen       total 313856K, used 164383K [0x0000000080000000, 0x0000000093280000, 0x00000000d5580000)
  object space 313856K, 52% used [0x0000000080000000,0x000000008a087d38,0x0000000093280000)
 Metaspace       used 111399K, capacity 119568K, committed 119936K, reserved 1153024K
  class space    used 14067K, capacity 15477K, committed 15744K, reserved 1048576K
}

